{"op":"SET","key":"mykey","value":"hello","ts":1774703312.638}
{"op":"SET","key":"user","value":"alice, rol 18","ts":1774703312.638}
{"op":"SET","key":"key","value":"hello","ts":1774703312.638}
{"op":"COMPACT","ts":1774703312.638}
{"op":"SET","key":"mykey","value":"hello","ts":1774703312.776}
{"op":"SET","key":"key","value":"hello","ts":1774703313.035}
{"op":"SET","key":"mykey","value":"hello","ts":1774703313.222}
{"op":"SET","key":"key","value":"hello","ts":1774703313.468}
{"op":"SET","key":"mykey","value":"hello","ts":1774703313.652}
{"op":"SET","key":"key","value":"hello","ts":1774703313.908}
{"op":"SET","key":"mykey","value":"hello","ts":1774703314.111}
{"op":"SET","key":"key","value":"hello","ts":1774703314.36}
{"op":"SET","key":"mykey","value":"hello","ts":1774703314.591}
{"op":"SET","key":"key","value":"hello","ts":1774703314.824}
{"op":"SET","key":"mykey","value":"hello","ts":1774703315.026}
{"op":"SET","key":"key","value":"hello","ts":1774703315.261}
{"op":"SET","key":"mykey","value":"hello","ts":1774703315.46}
{"op":"SET","key":"key","value":"hello","ts":1774703315.726}
{"op":"SET","key":"mykey","value":"hello","ts":1774703315.922}
{"op":"SET","key":"key","value":"hello","ts":1774703316.181}
{"op":"SET","key":"mykey","value":"hello","ts":1774703316.398}
{"op":"SET","key":"key","value":"hello","ts":1774703316.616}
{"op":"SET","key":"mykey","value":"hello","ts":1774703316.834}
{"op":"SET","key":"key","value":"hello","ts":1774703317.053}
{"op":"SET","key":"mykey","value":"hello","ts":1774703317.268}
{"op":"SET","key":"key","value":"hello","ts":1774703317.521}
{"op":"SET","key":"mykey","value":"hello","ts":1774703317.792}
{"op":"SET","key":"key","value":"hello","ts":1774703317.992}
{"op":"SET","key":"mykey","value":"hello","ts":1774703318.23}
{"op":"SET","key":"key","value":"hello","ts":1774703318.419}
{"op":"SET","key":"mykey","value":"hello","ts":1774703318.68}
{"op":"SET","key":"key","value":"hello","ts":1774703318.872}
{"op":"SET","key":"mykey","value":"hello","ts":1774703319.117}
{"op":"SET","key":"key","value":"hello","ts":1774703319.321}
{"op":"SET","key":"mykey","value":"hello","ts":1774703319.555}
{"op":"SET","key":"key","value":"hello","ts":1774703319.774}
{"op":"SET","key":"mykey","value":"hello","ts":1774703320.009}
{"op":"SET","key":"key","value":"hello","ts":1774703320.228}
{"op":"SET","key":"mykey","value":"hello","ts":1774703320.459}
{"op":"SET","key":"key","value":"hello","ts":1774703320.676}
{"op":"SET","key":"mykey","value":"hello","ts":1774703320.894}
{"op":"SET","key":"key","value":"hello","ts":1774703321.111}
{"op":"SET","key":"mykey","value":"hello","ts":1774703321.331}
{"op":"SET","key":"hiuy","value":"kjhgvc","ts":1775640474.173}
{"op":"SET","key":"hiuy","value":"kjhgvc","ts":1775640474.927}
{"op":"SET","key":"hiuy","value":"kjhgvc","ts":1775640476.156}
{"op":"SET","key":"hiuy","value":"kjhgvc","ts":1775640476.877}
{"op":"SET","key":"hiuy","value":"kjhgvc","ts":1775640477.409}
{"op":"SET","key":"hiuy","value":"kjhgvc","ts":1775640477.928}
{"op":"SET","key":"hiuy","value":"kjhgvc","ts":1775640478.48}
{"op":"SET","key":"hiuy","value":"kjhgvc","ts":1775640479.024}
{"op":"SET","key":"hiuy","value":"kjhgvc","ts":1775640479.547}
{"op":"SET","key":"hiuy","value":"kjhgvc","ts":1775640480.17}
{"op":"SET","key":"hiuy","value":"kjhgvc","ts":1775640480.709}
{"op":"SET","key":"hiuy","value":"kjhgvc","ts":1775640480.73}
{"op":"SET","key":"hiuy","value":"kjhgvc","ts":1775640481.977}
{"op":"SET","key":"hiuy","value":"kjhgvc","ts":1775640482.722}
{"op":"SET","key":"hiuy","value":"kjhgvc","ts":1775640483.442}
{"op":"SET","key":"hiuy","value":"kjhgvc","ts":1775640484.157}
{"op":"SET","key":"hiuy","value":"kjhgvc","ts":1775640485.685}
